2026-04-16T11:52:25.499+02:00  INFO 26804 --- [PGDBFFDemo] [restartedMain] com.fincons.pgd.PgdbffDemoApplication    : Starting PgdbffDemoApplication using Java 25.0.2 with PID 26804 (C:\Software\Fincons\PGDBFFDemo\PGDBFFDemo\target\classes started by Betacom in C:\Software\Fincons\PGDBFFDemo\PGDBFFDemo)
2026-04-16T11:52:25.501+02:00 DEBUG 26804 --- [PGDBFFDemo] [restartedMain] com.fincons.pgd.PgdbffDemoApplication    : Running with Spring Boot v4.0.5, Spring v7.0.6
2026-04-16T11:52:25.502+02:00  INFO 26804 --- [PGDBFFDemo] [restartedMain] com.fincons.pgd.PgdbffDemoApplication    : No active profile set, falling back to 1 default profile: "default"
2026-04-16T11:52:25.539+02:00  INFO 26804 --- [PGDBFFDemo] [restartedMain] .e.DevToolsPropertyDefaultsPostProcessor : Devtools property defaults active! Set 'spring.devtools.add-properties' to 'false' to disable
2026-04-16T11:52:25.540+02:00  INFO 26804 --- [PGDBFFDemo] [restartedMain] .e.DevToolsPropertyDefaultsPostProcessor : For additional web related logging consider setting the 'logging.level.web' property to 'DEBUG'
2026-04-16T11:52:26.364+02:00  INFO 26804 --- [PGDBFFDemo] [restartedMain] o.s.cloud.context.scope.GenericScope     : BeanFactory id=c8397baf-25a1-3a5d-b7b4-039aa3d3bbe2
2026-04-16T11:52:26.643+02:00  INFO 26804 --- [PGDBFFDemo] [restartedMain] o.s.boot.tomcat.TomcatWebServer          : Tomcat initialized with port 9071 (http)
2026-04-16T11:52:26.658+02:00  INFO 26804 --- [PGDBFFDemo] [restartedMain] o.apache.catalina.core.StandardService   : Starting service [Tomcat]
2026-04-16T11:52:26.658+02:00  INFO 26804 --- [PGDBFFDemo] [restartedMain] o.apache.catalina.core.StandardEngine    : Starting Servlet engine: [Apache Tomcat/11.0.20]
2026-04-16T11:52:26.702+02:00  INFO 26804 --- [PGDBFFDemo] [restartedMain] b.w.c.s.WebApplicationContextInitializer : Root WebApplicationContext: initialization completed in 1162 ms
2026-04-16T11:52:26.879+02:00  WARN 26804 --- [PGDBFFDemo] [restartedMain] o.s.c.o.support.SpringMvcContract        : [OpenFeign Warning] Feign method 'public abstract com.fincons.pgd.dto.outputs.UtenteDTO com.fincons.pgd.feignclients.UtenteClient.getUtente(java.lang.String)' is declared as GET with parameters, but none of the parameters are annotated (e.g. @RequestParam, @RequestHeader, @PathVariable, etc). This may result in fallback to POST at runtime. Consider explicitly annotating parameters.
2026-04-16T11:52:27.138+02:00  INFO 26804 --- [PGDBFFDemo] [restartedMain] r$InitializeUserDetailsManagerConfigurer : Global AuthenticationManager configured with UserDetailsService bean with name inMemoryUserDetailsManager
2026-04-16T11:52:27.309+02:00  INFO 26804 --- [PGDBFFDemo] [restartedMain] o.s.boot.tomcat.TomcatWebServer          : Tomcat started on port 9071 (http) with context path '/'
2026-04-16T11:52:27.319+02:00  INFO 26804 --- [PGDBFFDemo] [restartedMain] com.fincons.pgd.PgdbffDemoApplication    : Started PgdbffDemoApplication in 2.113 seconds (process running for 2.903)
2026-04-16T11:53:05.562+02:00  INFO 26804 --- [PGDBFFDemo] [http-nio-9071-exec-1] o.a.c.c.C.[Tomcat].[localhost].[/]       : Initializing Spring DispatcherServlet 'dispatcherServlet'
2026-04-16T11:53:05.563+02:00  INFO 26804 --- [PGDBFFDemo] [http-nio-9071-exec-1] o.s.web.servlet.DispatcherServlet        : Initializing Servlet 'dispatcherServlet'
2026-04-16T11:53:05.564+02:00  INFO 26804 --- [PGDBFFDemo] [http-nio-9071-exec-1] o.s.web.servlet.DispatcherServlet        : Completed initialization in 1 ms
2026-04-16T12:10:04.226+02:00  INFO 26804 --- [PGDBFFDemo] [File Watcher] rtingClassPathChangeChangedEventListener : Restarting due to 1 class path change (0 additions, 0 deletions, 1 modification)
2026-04-16T12:10:04.230+02:00  INFO 26804 --- [PGDBFFDemo] [Thread-1] o.s.boot.tomcat.GracefulShutdown         : Commencing graceful shutdown. Waiting for active requests to complete
2026-04-16T12:10:04.251+02:00  INFO 26804 --- [PGDBFFDemo] [tomcat-shutdown] o.s.boot.tomcat.GracefulShutdown         : Graceful shutdown complete
2026-04-16T12:10:04.344+02:00  INFO 26804 --- [PGDBFFDemo] [restartedMain] com.fincons.pgd.PgdbffDemoApplication    : Starting PgdbffDemoApplication using Java 25.0.2 with PID 26804 (C:\Software\Fincons\PGDBFFDemo\PGDBFFDemo\target\classes started by Betacom in C:\Software\Fincons\PGDBFFDemo\PGDBFFDemo)
2026-04-16T12:10:04.344+02:00 DEBUG 26804 --- [PGDBFFDemo] [restartedMain] com.fincons.pgd.PgdbffDemoApplication    : Running with Spring Boot v4.0.5, Spring v7.0.6
2026-04-16T12:10:04.344+02:00  INFO 26804 --- [PGDBFFDemo] [restartedMain] com.fincons.pgd.PgdbffDemoApplication    : No active profile set, falling back to 1 default profile: "default"
2026-04-16T12:10:04.515+02:00  INFO 26804 --- [PGDBFFDemo] [restartedMain] o.s.cloud.context.scope.GenericScope     : BeanFactory id=c8397baf-25a1-3a5d-b7b4-039aa3d3bbe2
2026-04-16T12:10:04.552+02:00  INFO 26804 --- [PGDBFFDemo] [restartedMain] o.s.boot.tomcat.TomcatWebServer          : Tomcat initialized with port 9071 (http)
2026-04-16T12:10:04.555+02:00  INFO 26804 --- [PGDBFFDemo] [restartedMain] o.apache.catalina.core.StandardService   : Starting service [Tomcat]
2026-04-16T12:10:04.555+02:00  INFO 26804 --- [PGDBFFDemo] [restartedMain] o.apache.catalina.core.StandardEngine    : Starting Servlet engine: [Apache Tomcat/11.0.20]
2026-04-16T12:10:04.575+02:00  INFO 26804 --- [PGDBFFDemo] [restartedMain] b.w.c.s.WebApplicationContextInitializer : Root WebApplicationContext: initialization completed in 229 ms
2026-04-16T12:10:04.640+02:00  WARN 26804 --- [PGDBFFDemo] [restartedMain] o.s.c.o.support.SpringMvcContract        : [OpenFeign Warning] Feign method 'public abstract com.fincons.pgd.dto.outputs.UtenteDTO com.fincons.pgd.feignclients.UtenteClient.getUtente(java.lang.String)' is declared as GET with parameters, but none of the parameters are annotated (e.g. @RequestParam, @RequestHeader, @PathVariable, etc). This may result in fallback to POST at runtime. Consider explicitly annotating parameters.
2026-04-16T12:10:04.693+02:00  INFO 26804 --- [PGDBFFDemo] [restartedMain] r$InitializeUserDetailsManagerConfigurer : Global AuthenticationManager configured with UserDetailsService bean with name inMemoryUserDetailsManager
2026-04-16T12:10:04.751+02:00  INFO 26804 --- [PGDBFFDemo] [restartedMain] o.s.boot.tomcat.TomcatWebServer          : Tomcat started on port 9071 (http) with context path '/'
2026-04-16T12:10:04.760+02:00  INFO 26804 --- [PGDBFFDemo] [restartedMain] com.fincons.pgd.PgdbffDemoApplication    : Started PgdbffDemoApplication in 0.452 seconds (process running for 1060.344)
2026-04-16T12:10:04.763+02:00  INFO 26804 --- [PGDBFFDemo] [restartedMain] .ConditionEvaluationDeltaLoggingListener : Condition evaluation unchanged
2026-04-16T12:10:26.951+02:00  INFO 26804 --- [PGDBFFDemo] [http-nio-9071-exec-1] o.a.c.c.C.[Tomcat].[localhost].[/]       : Initializing Spring DispatcherServlet 'dispatcherServlet'
2026-04-16T12:10:26.951+02:00  INFO 26804 --- [PGDBFFDemo] [http-nio-9071-exec-1] o.s.web.servlet.DispatcherServlet        : Initializing Servlet 'dispatcherServlet'
2026-04-16T12:10:26.953+02:00  INFO 26804 --- [PGDBFFDemo] [http-nio-9071-exec-1] o.s.web.servlet.DispatcherServlet        : Completed initialization in 2 ms
2026-04-16T12:10:26.959+02:00 DEBUG 26804 --- [PGDBFFDemo] [http-nio-9071-exec-1] c.f.p.c.DelegationDataController         : getDelegationData userIdPNR= 1
2026-04-16T12:12:55.996+02:00 DEBUG 26804 --- [PGDBFFDemo] [http-nio-9071-exec-2] c.f.p.c.DelegationDataController         : getDelegationData userIdPNR= abezze
2026-04-16T12:14:49.122+02:00 DEBUG 26804 --- [PGDBFFDemo] [http-nio-9071-exec-5] c.f.p.c.DelegationDataController         : getDelegationData userIdPNR= abezze
2026-04-16T12:20:54.310+02:00  INFO 26804 --- [PGDBFFDemo] [File Watcher] rtingClassPathChangeChangedEventListener : Restarting due to 1 class path change (0 additions, 0 deletions, 1 modification)
2026-04-16T12:20:54.389+02:00  INFO 26804 --- [PGDBFFDemo] [Thread-7] o.s.boot.tomcat.GracefulShutdown         : Commencing graceful shutdown. Waiting for active requests to complete
2026-04-16T12:21:00.257+02:00  INFO 26804 --- [PGDBFFDemo] [tomcat-shutdown] o.s.boot.tomcat.GracefulShutdown         : Graceful shutdown complete
2026-04-16T12:21:07.163+02:00  INFO 26804 --- [PGDBFFDemo] [restartedMain] com.fincons.pgd.PgdbffDemoApplication    : Starting PgdbffDemoApplication using Java 25.0.2 with PID 26804 (C:\Software\Fincons\PGDBFFDemo\PGDBFFDemo\target\classes started by Betacom in C:\Software\Fincons\PGDBFFDemo\PGDBFFDemo)
2026-04-16T12:21:07.169+02:00 DEBUG 26804 --- [PGDBFFDemo] [restartedMain] com.fincons.pgd.PgdbffDemoApplication    : Running with Spring Boot v4.0.5, Spring v7.0.6
2026-04-16T12:21:07.172+02:00  INFO 26804 --- [PGDBFFDemo] [restartedMain] com.fincons.pgd.PgdbffDemoApplication    : No active profile set, falling back to 1 default profile: "default"
2026-04-16T12:21:18.700+02:00  INFO 26804 --- [PGDBFFDemo] [restartedMain] o.s.cloud.context.scope.GenericScope     : BeanFactory id=c8397baf-25a1-3a5d-b7b4-039aa3d3bbe2
2026-04-16T12:21:18.774+02:00  INFO 26804 --- [PGDBFFDemo] [restartedMain] o.s.boot.tomcat.TomcatWebServer          : Tomcat initialized with port 9071 (http)
2026-04-16T12:21:18.775+02:00  INFO 26804 --- [PGDBFFDemo] [restartedMain] o.apache.catalina.core.StandardService   : Starting service [Tomcat]
2026-04-16T12:21:18.776+02:00  INFO 26804 --- [PGDBFFDemo] [restartedMain] o.apache.catalina.core.StandardEngine    : Starting Servlet engine: [Apache Tomcat/11.0.20]
2026-04-16T12:21:18.828+02:00  INFO 26804 --- [PGDBFFDemo] [restartedMain] b.w.c.s.WebApplicationContextInitializer : Root WebApplicationContext: initialization completed in 11107 ms
2026-04-16T12:21:18.970+02:00  WARN 26804 --- [PGDBFFDemo] [restartedMain] o.s.c.o.support.SpringMvcContract        : [OpenFeign Warning] Feign method 'public abstract com.fincons.pgd.dto.outputs.UtenteDTO com.fincons.pgd.feignclients.UtenteClient.getUtente(java.lang.String)' is declared as GET with parameters, but none of the parameters are annotated (e.g. @RequestParam, @RequestHeader, @PathVariable, etc). This may result in fallback to POST at runtime. Consider explicitly annotating parameters.
2026-04-16T12:21:19.113+02:00  INFO 26804 --- [PGDBFFDemo] [restartedMain] r$InitializeUserDetailsManagerConfigurer : Global AuthenticationManager configured with UserDetailsService bean with name inMemoryUserDetailsManager
2026-04-16T12:21:19.252+02:00  INFO 26804 --- [PGDBFFDemo] [restartedMain] o.s.boot.tomcat.TomcatWebServer          : Tomcat started on port 9071 (http) with context path '/'
2026-04-16T12:21:19.267+02:00  INFO 26804 --- [PGDBFFDemo] [restartedMain] com.fincons.pgd.PgdbffDemoApplication    : Started PgdbffDemoApplication in 17.492 seconds (process running for 1734.851)
2026-04-16T12:21:19.269+02:00  INFO 26804 --- [PGDBFFDemo] [restartedMain] .ConditionEvaluationDeltaLoggingListener : Condition evaluation unchanged
2026-04-16T12:22:40.881+02:00  INFO 26804 --- [PGDBFFDemo] [http-nio-9071-exec-1] o.a.c.c.C.[Tomcat].[localhost].[/]       : Initializing Spring DispatcherServlet 'dispatcherServlet'
2026-04-16T12:22:40.881+02:00  INFO 26804 --- [PGDBFFDemo] [http-nio-9071-exec-1] o.s.web.servlet.DispatcherServlet        : Initializing Servlet 'dispatcherServlet'
2026-04-16T12:22:40.884+02:00  INFO 26804 --- [PGDBFFDemo] [http-nio-9071-exec-1] o.s.web.servlet.DispatcherServlet        : Completed initialization in 2 ms
2026-04-16T12:22:40.888+02:00 DEBUG 26804 --- [PGDBFFDemo] [http-nio-9071-exec-1] c.f.p.c.DelegationDataController         : getDelegationData userIdPNR= abezze
2026-04-16T12:22:40.897+02:00 DEBUG 26804 --- [PGDBFFDemo] [http-nio-9071-exec-1] c.f.p.c.DelegationDataController         : getDelegationData exc [401] during [GET] to [http://localhost:9070/pgd/utente/findByIdPNR] [UtenteClient#getUtente(String)]: []
2026-04-16T12:24:08.974+02:00  INFO 26804 --- [PGDBFFDemo] [File Watcher] rtingClassPathChangeChangedEventListener : Restarting due to 1 class path change (0 additions, 0 deletions, 1 modification)
2026-04-16T12:24:08.977+02:00  INFO 26804 --- [PGDBFFDemo] [Thread-13] o.s.boot.tomcat.GracefulShutdown         : Commencing graceful shutdown. Waiting for active requests to complete
2026-04-16T12:24:08.985+02:00  INFO 26804 --- [PGDBFFDemo] [tomcat-shutdown] o.s.boot.tomcat.GracefulShutdown         : Graceful shutdown complete
2026-04-16T12:24:09.057+02:00  INFO 26804 --- [PGDBFFDemo] [restartedMain] com.fincons.pgd.PgdbffDemoApplication    : Starting PgdbffDemoApplication using Java 25.0.2 with PID 26804 (C:\Software\Fincons\PGDBFFDemo\PGDBFFDemo\target\classes started by Betacom in C:\Software\Fincons\PGDBFFDemo\PGDBFFDemo)
2026-04-16T12:24:09.058+02:00 DEBUG 26804 --- [PGDBFFDemo] [restartedMain] com.fincons.pgd.PgdbffDemoApplication    : Running with Spring Boot v4.0.5, Spring v7.0.6
2026-04-16T12:24:09.058+02:00  INFO 26804 --- [PGDBFFDemo] [restartedMain] com.fincons.pgd.PgdbffDemoApplication    : No active profile set, falling back to 1 default profile: "default"
2026-04-16T12:24:09.198+02:00  INFO 26804 --- [PGDBFFDemo] [restartedMain] o.s.cloud.context.scope.GenericScope     : BeanFactory id=c8397baf-25a1-3a5d-b7b4-039aa3d3bbe2
2026-04-16T12:24:09.222+02:00  INFO 26804 --- [PGDBFFDemo] [restartedMain] o.s.boot.tomcat.TomcatWebServer          : Tomcat initialized with port 9071 (http)
2026-04-16T12:24:09.222+02:00  INFO 26804 --- [PGDBFFDemo] [restartedMain] o.apache.catalina.core.StandardService   : Starting service [Tomcat]
2026-04-16T12:24:09.223+02:00  INFO 26804 --- [PGDBFFDemo] [restartedMain] o.apache.catalina.core.StandardEngine    : Starting Servlet engine: [Apache Tomcat/11.0.20]
2026-04-16T12:24:09.246+02:00  INFO 26804 --- [PGDBFFDemo] [restartedMain] b.w.c.s.WebApplicationContextInitializer : Root WebApplicationContext: initialization completed in 186 ms
2026-04-16T12:24:09.287+02:00  WARN 26804 --- [PGDBFFDemo] [restartedMain] o.s.c.o.support.SpringMvcContract        : [OpenFeign Warning] Feign method 'public abstract com.fincons.pgd.dto.outputs.UtenteDTO com.fincons.pgd.feignclients.UtenteClient.getUtente(java.lang.String)' is declared as GET with parameters, but none of the parameters are annotated (e.g. @RequestParam, @RequestHeader, @PathVariable, etc). This may result in fallback to POST at runtime. Consider explicitly annotating parameters.
2026-04-16T12:24:09.323+02:00  INFO 26804 --- [PGDBFFDemo] [restartedMain] r$InitializeUserDetailsManagerConfigurer : Global AuthenticationManager configured with UserDetailsService bean with name inMemoryUserDetailsManager
2026-04-16T12:24:09.364+02:00  INFO 26804 --- [PGDBFFDemo] [restartedMain] o.s.boot.tomcat.TomcatWebServer          : Tomcat started on port 9071 (http) with context path '/'
2026-04-16T12:24:09.370+02:00  INFO 26804 --- [PGDBFFDemo] [restartedMain] com.fincons.pgd.PgdbffDemoApplication    : Started PgdbffDemoApplication in 0.347 seconds (process running for 1904.954)
2026-04-16T12:24:09.371+02:00  INFO 26804 --- [PGDBFFDemo] [restartedMain] .ConditionEvaluationDeltaLoggingListener : Condition evaluation unchanged
2026-04-16T12:24:15.852+02:00  INFO 26804 --- [PGDBFFDemo] [http-nio-9071-exec-2] o.a.c.c.C.[Tomcat].[localhost].[/]       : Initializing Spring DispatcherServlet 'dispatcherServlet'
2026-04-16T12:24:15.853+02:00  INFO 26804 --- [PGDBFFDemo] [http-nio-9071-exec-2] o.s.web.servlet.DispatcherServlet        : Initializing Servlet 'dispatcherServlet'
2026-04-16T12:24:15.855+02:00  INFO 26804 --- [PGDBFFDemo] [http-nio-9071-exec-2] o.s.web.servlet.DispatcherServlet        : Completed initialization in 1 ms
2026-04-16T12:24:15.858+02:00 DEBUG 26804 --- [PGDBFFDemo] [http-nio-9071-exec-2] c.f.p.c.DelegationDataController         : getDelegationData userIdPNR= abezze
2026-04-16T12:24:15.866+02:00 DEBUG 26804 --- [PGDBFFDemo] [http-nio-9071-exec-2] c.f.p.c.DelegationDataController         : getDelegationData exc [401] during [GET] to [http://localhost:9070/pgd/utente/findByIdPNR] [UtenteClient#getUtente(String)]: []
2026-04-16T12:26:00.136+02:00 DEBUG 26804 --- [PGDBFFDemo] [http-nio-9071-exec-3] c.f.p.c.DelegationDataController         : getDelegationData userIdPNR= abezze
2026-04-16T12:26:00.164+02:00 DEBUG 26804 --- [PGDBFFDemo] [http-nio-9071-exec-3] c.f.p.c.DelegationDataController         : getDelegationData exc [401] during [GET] to [http://localhost:9070/pgd/utente/findByIdPNR] [UtenteClient#getUtente(String)]: []
2026-04-16T13:44:46.150+02:00 DEBUG 26804 --- [PGDBFFDemo] [http-nio-9071-exec-6] c.f.p.c.DelegationDataController         : getDelegationData userIdPNR= abezze
2026-04-16T13:44:46.165+02:00 DEBUG 26804 --- [PGDBFFDemo] [http-nio-9071-exec-6] c.f.p.c.DelegationDataController         : getDelegationData exc [405] during [GET] to [http://localhost:9070/pgd/utente/findByIdPNR] [UtenteClient#getUtente(String)]: [{"timestamp":"2026-04-16T11:44:46.165Z","status":405,"error":"Method Not Allowed","trace":"org.springframework.web.HttpRequestMethodNotSupportedException: Request method 'POST' is not supported\r\n\ta... (4415 bytes)]
2026-04-16T13:45:12.668+02:00 DEBUG 26804 --- [PGDBFFDemo] [http-nio-9071-exec-2] c.f.p.c.DelegationDataController         : getDelegationData userIdPNR= abezze
2026-04-16T13:45:12.684+02:00 DEBUG 26804 --- [PGDBFFDemo] [http-nio-9071-exec-2] c.f.p.c.DelegationDataController         : getDelegationData exc [405] during [GET] to [http://localhost:9070/pgd/utente/findByIdPNR] [UtenteClient#getUtente(String)]: [{"timestamp":"2026-04-16T11:45:12.682Z","status":405,"error":"Method Not Allowed","trace":"org.springframework.web.HttpRequestMethodNotSupportedException: Request method 'POST' is not supported\r\n\ta... (4415 bytes)]
2026-04-16T13:47:46.418+02:00  INFO 26804 --- [PGDBFFDemo] [File Watcher] rtingClassPathChangeChangedEventListener : Restarting due to 1 class path change (0 additions, 0 deletions, 1 modification)
2026-04-16T13:47:46.420+02:00  INFO 26804 --- [PGDBFFDemo] [Thread-19] o.s.boot.tomcat.GracefulShutdown         : Commencing graceful shutdown. Waiting for active requests to complete
2026-04-16T13:47:46.427+02:00  INFO 26804 --- [PGDBFFDemo] [tomcat-shutdown] o.s.boot.tomcat.GracefulShutdown         : Graceful shutdown complete
2026-04-16T13:47:46.514+02:00  INFO 26804 --- [PGDBFFDemo] [restartedMain] com.fincons.pgd.PgdbffDemoApplication    : Starting PgdbffDemoApplication using Java 25.0.2 with PID 26804 (C:\Software\Fincons\PGDBFFDemo\PGDBFFDemo\target\classes started by Betacom in C:\Software\Fincons\PGDBFFDemo\PGDBFFDemo)
2026-04-16T13:47:46.514+02:00 DEBUG 26804 --- [PGDBFFDemo] [restartedMain] com.fincons.pgd.PgdbffDemoApplication    : Running with Spring Boot v4.0.5, Spring v7.0.6
2026-04-16T13:47:46.514+02:00  INFO 26804 --- [PGDBFFDemo] [restartedMain] com.fincons.pgd.PgdbffDemoApplication    : No active profile set, falling back to 1 default profile: "default"
2026-04-16T13:47:46.656+02:00  INFO 26804 --- [PGDBFFDemo] [restartedMain] o.s.cloud.context.scope.GenericScope     : BeanFactory id=c8397baf-25a1-3a5d-b7b4-039aa3d3bbe2
2026-04-16T13:47:46.686+02:00  INFO 26804 --- [PGDBFFDemo] [restartedMain] o.s.boot.tomcat.TomcatWebServer          : Tomcat initialized with port 9071 (http)
2026-04-16T13:47:46.688+02:00  INFO 26804 --- [PGDBFFDemo] [restartedMain] o.apache.catalina.core.StandardService   : Starting service [Tomcat]
2026-04-16T13:47:46.688+02:00  INFO 26804 --- [PGDBFFDemo] [restartedMain] o.apache.catalina.core.StandardEngine    : Starting Servlet engine: [Apache Tomcat/11.0.20]
2026-04-16T13:47:46.705+02:00  INFO 26804 --- [PGDBFFDemo] [restartedMain] b.w.c.s.WebApplicationContextInitializer : Root WebApplicationContext: initialization completed in 189 ms
2026-04-16T13:47:46.761+02:00  WARN 26804 --- [PGDBFFDemo] [restartedMain] o.s.c.o.support.SpringMvcContract        : [OpenFeign Warning] Feign method 'public abstract com.fincons.pgd.dto.outputs.UtenteDTO com.fincons.pgd.feignclients.UtenteClient.getUtente(java.lang.String)' is declared as GET with parameters, but none of the parameters are annotated (e.g. @RequestParam, @RequestHeader, @PathVariable, etc). This may result in fallback to POST at runtime. Consider explicitly annotating parameters.
2026-04-16T13:47:46.808+02:00  INFO 26804 --- [PGDBFFDemo] [restartedMain] r$InitializeUserDetailsManagerConfigurer : Global AuthenticationManager configured with UserDetailsService bean with name inMemoryUserDetailsManager
2026-04-16T13:47:46.852+02:00  INFO 26804 --- [PGDBFFDemo] [restartedMain] o.s.boot.tomcat.TomcatWebServer          : Tomcat started on port 9071 (http) with context path '/'
2026-04-16T13:47:46.858+02:00  INFO 26804 --- [PGDBFFDemo] [restartedMain] com.fincons.pgd.PgdbffDemoApplication    : Started PgdbffDemoApplication in 0.378 seconds (process running for 6922.442)
2026-04-16T13:47:46.859+02:00  INFO 26804 --- [PGDBFFDemo] [restartedMain] .ConditionEvaluationDeltaLoggingListener : Condition evaluation unchanged
2026-04-16T14:00:11.650+02:00  INFO 26804 --- [PGDBFFDemo] [http-nio-9071-exec-1] o.a.c.c.C.[Tomcat].[localhost].[/]       : Initializing Spring DispatcherServlet 'dispatcherServlet'
2026-04-16T14:00:11.651+02:00  INFO 26804 --- [PGDBFFDemo] [http-nio-9071-exec-1] o.s.web.servlet.DispatcherServlet        : Initializing Servlet 'dispatcherServlet'
2026-04-16T14:00:11.655+02:00  INFO 26804 --- [PGDBFFDemo] [http-nio-9071-exec-1] o.s.web.servlet.DispatcherServlet        : Completed initialization in 4 ms
2026-04-16T14:00:11.660+02:00 DEBUG 26804 --- [PGDBFFDemo] [http-nio-9071-exec-1] c.f.p.c.DelegationDataController         : getDelegationData userIdPNR= abezze
2026-04-16T14:00:11.683+02:00 DEBUG 26804 --- [PGDBFFDemo] [http-nio-9071-exec-1] c.f.p.c.DelegationDataController         : getDelegationData exc [405] during [GET] to [http://localhost:9070/pgd/utente/findByIdPNR] [UtenteClient#getUtente(String)]: [{"timestamp":"2026-04-16T12:00:11.675Z","status":405,"error":"Method Not Allowed","trace":"org.springframework.web.HttpRequestMethodNotSupportedException: Request method 'POST' is not supported\r\n\ta... (4415 bytes)]
2026-04-16T14:04:17.291+02:00  INFO 26804 --- [PGDBFFDemo] [File Watcher] rtingClassPathChangeChangedEventListener : Restarting due to 1 class path change (0 additions, 0 deletions, 1 modification)
2026-04-16T14:04:17.293+02:00  INFO 26804 --- [PGDBFFDemo] [Thread-25] o.s.boot.tomcat.GracefulShutdown         : Commencing graceful shutdown. Waiting for active requests to complete
2026-04-16T14:04:17.305+02:00  INFO 26804 --- [PGDBFFDemo] [tomcat-shutdown] o.s.boot.tomcat.GracefulShutdown         : Graceful shutdown complete
2026-04-16T14:04:17.375+02:00  INFO 26804 --- [PGDBFFDemo] [restartedMain] com.fincons.pgd.PgdbffDemoApplication    : Starting PgdbffDemoApplication using Java 25.0.2 with PID 26804 (C:\Software\Fincons\PGDBFFDemo\PGDBFFDemo\target\classes started by Betacom in C:\Software\Fincons\PGDBFFDemo\PGDBFFDemo)
2026-04-16T14:04:17.375+02:00 DEBUG 26804 --- [PGDBFFDemo] [restartedMain] com.fincons.pgd.PgdbffDemoApplication    : Running with Spring Boot v4.0.5, Spring v7.0.6
2026-04-16T14:04:17.376+02:00  INFO 26804 --- [PGDBFFDemo] [restartedMain] com.fincons.pgd.PgdbffDemoApplication    : No active profile set, falling back to 1 default profile: "default"
2026-04-16T14:04:17.512+02:00  INFO 26804 --- [PGDBFFDemo] [restartedMain] o.s.cloud.context.scope.GenericScope     : BeanFactory id=c8397baf-25a1-3a5d-b7b4-039aa3d3bbe2
2026-04-16T14:04:17.541+02:00  INFO 26804 --- [PGDBFFDemo] [restartedMain] o.s.boot.tomcat.TomcatWebServer          : Tomcat initialized with port 9071 (http)
2026-04-16T14:04:17.542+02:00  INFO 26804 --- [PGDBFFDemo] [restartedMain] o.apache.catalina.core.StandardService   : Starting service [Tomcat]
2026-04-16T14:04:17.543+02:00  INFO 26804 --- [PGDBFFDemo] [restartedMain] o.apache.catalina.core.StandardEngine    : Starting Servlet engine: [Apache Tomcat/11.0.20]
2026-04-16T14:04:17.559+02:00  INFO 26804 --- [PGDBFFDemo] [restartedMain] b.w.c.s.WebApplicationContextInitializer : Root WebApplicationContext: initialization completed in 182 ms
2026-04-16T14:04:17.610+02:00  WARN 26804 --- [PGDBFFDemo] [restartedMain] o.s.c.o.support.SpringMvcContract        : [OpenFeign Warning] Feign method 'public abstract com.fincons.pgd.dto.outputs.UtenteDTO com.fincons.pgd.feignclients.UtenteClient.getUtente(java.lang.String)' is declared as GET with parameters, but none of the parameters are annotated (e.g. @RequestParam, @RequestHeader, @PathVariable, etc). This may result in fallback to POST at runtime. Consider explicitly annotating parameters.
2026-04-16T14:04:17.655+02:00  INFO 26804 --- [PGDBFFDemo] [restartedMain] r$InitializeUserDetailsManagerConfigurer : Global AuthenticationManager configured with UserDetailsService bean with name inMemoryUserDetailsManager
2026-04-16T14:04:17.701+02:00  INFO 26804 --- [PGDBFFDemo] [restartedMain] o.s.boot.tomcat.TomcatWebServer          : Tomcat started on port 9071 (http) with context path '/'
2026-04-16T14:04:17.707+02:00  INFO 26804 --- [PGDBFFDemo] [restartedMain] com.fincons.pgd.PgdbffDemoApplication    : Started PgdbffDemoApplication in 0.366 seconds (process running for 7913.291)
2026-04-16T14:04:17.708+02:00  INFO 26804 --- [PGDBFFDemo] [restartedMain] .ConditionEvaluationDeltaLoggingListener : Condition evaluation unchanged
2026-04-16T14:04:24.929+02:00  INFO 26804 --- [PGDBFFDemo] [http-nio-9071-exec-1] o.a.c.c.C.[Tomcat].[localhost].[/]       : Initializing Spring DispatcherServlet 'dispatcherServlet'
2026-04-16T14:04:24.930+02:00  INFO 26804 --- [PGDBFFDemo] [http-nio-9071-exec-1] o.s.web.servlet.DispatcherServlet        : Initializing Servlet 'dispatcherServlet'
2026-04-16T14:04:24.933+02:00  INFO 26804 --- [PGDBFFDemo] [http-nio-9071-exec-1] o.s.web.servlet.DispatcherServlet        : Completed initialization in 3 ms
2026-04-16T14:04:24.937+02:00 DEBUG 26804 --- [PGDBFFDemo] [http-nio-9071-exec-1] c.f.p.c.DelegationDataController         : getDelegationData userIdPNR= abezze
2026-04-16T14:04:24.952+02:00 DEBUG 26804 --- [PGDBFFDemo] [http-nio-9071-exec-1] c.f.p.c.DelegationDataController         : getDelegationData exc [405] during [GET] to [http://localhost:9070/pgd/utente/findByIdPNR] [UtenteClient#getUtente(String)]: [{"timestamp":"2026-04-16T12:04:24.947Z","status":405,"error":"Method Not Allowed","trace":"org.springframework.web.HttpRequestMethodNotSupportedException: Request method 'POST' is not supported\r\n\ta... (4415 bytes)]
2026-04-16T14:04:24.953+02:00 DEBUG 26804 --- [PGDBFFDemo] [http-nio-9071-exec-1] c.f.p.c.DelegationDataController         : getDelegationData Ended  [405] during [GET] to [http://localhost:9070/pgd/utente/findByIdPNR] [UtenteClient#getUtente(String)]: [{"timestamp":"2026-04-16T12:04:24.947Z","status":405,"error":"Method Not Allowed","trace":"org.springframework.web.HttpRequestMethodNotSupportedException: Request method 'POST' is not supported\r\n\ta... (4415 bytes)]
2026-04-16T14:20:14.862+02:00  INFO 26804 --- [PGDBFFDemo] [RMI TCP Connection(93)-127.0.0.1] inMXBeanRegistrar$SpringApplicationAdmin : Application shutdown requested.
2026-04-16T14:20:14.863+02:00  INFO 26804 --- [PGDBFFDemo] [RMI TCP Connection(93)-127.0.0.1] o.s.boot.tomcat.GracefulShutdown         : Commencing graceful shutdown. Waiting for active requests to complete
2026-04-16T14:20:14.871+02:00  INFO 26804 --- [PGDBFFDemo] [tomcat-shutdown] o.s.boot.tomcat.GracefulShutdown         : Graceful shutdown complete
2026-04-16T14:20:27.581+02:00  INFO 23404 --- [PGDBFFDemo] [restartedMain] com.fincons.pgd.PgdbffDemoApplication    : Starting PgdbffDemoApplication using Java 25.0.2 with PID 23404 (C:\Software\Fincons\PGDBFFDemo\PGDBFFDemo\target\classes started by Betacom in C:\Software\Fincons\PGDBFFDemo\PGDBFFDemo)
2026-04-16T14:20:27.583+02:00 DEBUG 23404 --- [PGDBFFDemo] [restartedMain] com.fincons.pgd.PgdbffDemoApplication    : Running with Spring Boot v4.0.5, Spring v7.0.6
2026-04-16T14:20:27.584+02:00  INFO 23404 --- [PGDBFFDemo] [restartedMain] com.fincons.pgd.PgdbffDemoApplication    : No active profile set, falling back to 1 default profile: "default"
2026-04-16T14:20:27.626+02:00  INFO 23404 --- [PGDBFFDemo] [restartedMain] .e.DevToolsPropertyDefaultsPostProcessor : Devtools property defaults active! Set 'spring.devtools.add-properties' to 'false' to disable
2026-04-16T14:20:27.626+02:00  INFO 23404 --- [PGDBFFDemo] [restartedMain] .e.DevToolsPropertyDefaultsPostProcessor : For additional web related logging consider setting the 'logging.level.web' property to 'DEBUG'
2026-04-16T14:20:28.391+02:00  INFO 23404 --- [PGDBFFDemo] [restartedMain] o.s.cloud.context.scope.GenericScope     : BeanFactory id=c8397baf-25a1-3a5d-b7b4-039aa3d3bbe2
2026-04-16T14:20:28.654+02:00  INFO 23404 --- [PGDBFFDemo] [restartedMain] o.s.boot.tomcat.TomcatWebServer          : Tomcat initialized with port 9071 (http)
2026-04-16T14:20:28.666+02:00  INFO 23404 --- [PGDBFFDemo] [restartedMain] o.apache.catalina.core.StandardService   : Starting service [Tomcat]
2026-04-16T14:20:28.666+02:00  INFO 23404 --- [PGDBFFDemo] [restartedMain] o.apache.catalina.core.StandardEngine    : Starting Servlet engine: [Apache Tomcat/11.0.20]
2026-04-16T14:20:28.708+02:00  INFO 23404 --- [PGDBFFDemo] [restartedMain] b.w.c.s.WebApplicationContextInitializer : Root WebApplicationContext: initialization completed in 1081 ms
2026-04-16T14:20:28.909+02:00  WARN 23404 --- [PGDBFFDemo] [restartedMain] o.s.c.o.support.SpringMvcContract        : [OpenFeign Warning] Feign method 'public abstract com.fincons.pgd.dto.outputs.UtenteDTO com.fincons.pgd.feignclients.UtenteClient.getUtente(java.lang.String)' is declared as GET with parameters, but none of the parameters are annotated (e.g. @RequestParam, @RequestHeader, @PathVariable, etc). This may result in fallback to POST at runtime. Consider explicitly annotating parameters.
2026-04-16T14:20:29.204+02:00  INFO 23404 --- [PGDBFFDemo] [restartedMain] r$InitializeUserDetailsManagerConfigurer : Global AuthenticationManager configured with UserDetailsService bean with name inMemoryUserDetailsManager
2026-04-16T14:20:29.393+02:00  INFO 23404 --- [PGDBFFDemo] [restartedMain] o.s.boot.tomcat.TomcatWebServer          : Tomcat started on port 9071 (http) with context path '/'
2026-04-16T14:20:29.402+02:00  INFO 23404 --- [PGDBFFDemo] [restartedMain] com.fincons.pgd.PgdbffDemoApplication    : Started PgdbffDemoApplication in 2.215 seconds (process running for 3.665)
2026-04-16T14:21:19.596+02:00  INFO 23404 --- [PGDBFFDemo] [http-nio-9071-exec-1] o.a.c.c.C.[Tomcat].[localhost].[/]       : Initializing Spring DispatcherServlet 'dispatcherServlet'
2026-04-16T14:21:19.597+02:00  INFO 23404 --- [PGDBFFDemo] [http-nio-9071-exec-1] o.s.web.servlet.DispatcherServlet        : Initializing Servlet 'dispatcherServlet'
2026-04-16T14:21:19.598+02:00  INFO 23404 --- [PGDBFFDemo] [http-nio-9071-exec-1] o.s.web.servlet.DispatcherServlet        : Completed initialization in 1 ms
2026-04-16T14:21:19.659+02:00 DEBUG 23404 --- [PGDBFFDemo] [http-nio-9071-exec-1] c.f.p.c.DelegationDataController         : getDelegationData userIdPNR= abezze
2026-04-16T14:22:16.164+02:00 DEBUG 23404 --- [PGDBFFDemo] [http-nio-9071-exec-1] c.f.p.c.DelegationDataController         : getDelegationData exc [405] during [GET] to [http://localhost:9070/pgd/utente/findByIdPNR] [UtenteClient#getUtente(String)]: [{"timestamp":"2026-04-16T12:22:16.157Z","status":405,"error":"Method Not Allowed","trace":"org.springframework.web.HttpRequestMethodNotSupportedException: Request method 'POST' is not supported\r\n\ta... (4415 bytes)]
2026-04-16T14:22:22.840+02:00 DEBUG 23404 --- [PGDBFFDemo] [http-nio-9071-exec-1] c.f.p.c.DelegationDataController         : getDelegationData Ended  [405] during [GET] to [http://localhost:9070/pgd/utente/findByIdPNR] [UtenteClient#getUtente(String)]: [{"timestamp":"2026-04-16T12:22:16.157Z","status":405,"error":"Method Not Allowed","trace":"org.springframework.web.HttpRequestMethodNotSupportedException: Request method 'POST' is not supported\r\n\ta... (4415 bytes)]
2026-04-16T14:24:52.761+02:00  INFO 23404 --- [PGDBFFDemo] [File Watcher] rtingClassPathChangeChangedEventListener : Restarting due to 1 class path change (0 additions, 0 deletions, 1 modification)
2026-04-16T14:24:52.770+02:00  INFO 23404 --- [PGDBFFDemo] [Thread-1] o.s.boot.tomcat.GracefulShutdown         : Commencing graceful shutdown. Waiting for active requests to complete
2026-04-16T14:24:52.785+02:00  INFO 23404 --- [PGDBFFDemo] [tomcat-shutdown] o.s.boot.tomcat.GracefulShutdown         : Graceful shutdown complete
2026-04-16T14:24:52.875+02:00  INFO 23404 --- [PGDBFFDemo] [restartedMain] com.fincons.pgd.PgdbffDemoApplication    : Starting PgdbffDemoApplication using Java 25.0.2 with PID 23404 (C:\Software\Fincons\PGDBFFDemo\PGDBFFDemo\target\classes started by Betacom in C:\Software\Fincons\PGDBFFDemo\PGDBFFDemo)
2026-04-16T14:24:52.875+02:00 DEBUG 23404 --- [PGDBFFDemo] [restartedMain] com.fincons.pgd.PgdbffDemoApplication    : Running with Spring Boot v4.0.5, Spring v7.0.6
2026-04-16T14:24:52.875+02:00  INFO 23404 --- [PGDBFFDemo] [restartedMain] com.fincons.pgd.PgdbffDemoApplication    : No active profile set, falling back to 1 default profile: "default"
2026-04-16T14:24:53.063+02:00  INFO 23404 --- [PGDBFFDemo] [restartedMain] o.s.cloud.context.scope.GenericScope     : BeanFactory id=c8397baf-25a1-3a5d-b7b4-039aa3d3bbe2
2026-04-16T14:24:53.091+02:00  INFO 23404 --- [PGDBFFDemo] [restartedMain] o.s.boot.tomcat.TomcatWebServer          : Tomcat initialized with port 9071 (http)
2026-04-16T14:24:53.092+02:00  INFO 23404 --- [PGDBFFDemo] [restartedMain] o.apache.catalina.core.StandardService   : Starting service [Tomcat]
2026-04-16T14:24:53.092+02:00  INFO 23404 --- [PGDBFFDemo] [restartedMain] o.apache.catalina.core.StandardEngine    : Starting Servlet engine: [Apache Tomcat/11.0.20]
2026-04-16T14:24:53.110+02:00  INFO 23404 --- [PGDBFFDemo] [restartedMain] b.w.c.s.WebApplicationContextInitializer : Root WebApplicationContext: initialization completed in 233 ms
2026-04-16T14:24:53.241+02:00  INFO 23404 --- [PGDBFFDemo] [restartedMain] r$InitializeUserDetailsManagerConfigurer : Global AuthenticationManager configured with UserDetailsService bean with name inMemoryUserDetailsManager
2026-04-16T14:24:53.287+02:00  INFO 23404 --- [PGDBFFDemo] [restartedMain] o.s.boot.tomcat.TomcatWebServer          : Tomcat started on port 9071 (http) with context path '/'
2026-04-16T14:24:53.296+02:00  INFO 23404 --- [PGDBFFDemo] [restartedMain] com.fincons.pgd.PgdbffDemoApplication    : Started PgdbffDemoApplication in 0.463 seconds (process running for 267.559)
2026-04-16T14:24:53.298+02:00  INFO 23404 --- [PGDBFFDemo] [restartedMain] .ConditionEvaluationDeltaLoggingListener : Condition evaluation unchanged
2026-04-16T14:27:03.193+02:00  INFO 23404 --- [PGDBFFDemo] [http-nio-9071-exec-1] o.a.c.c.C.[Tomcat].[localhost].[/]       : Initializing Spring DispatcherServlet 'dispatcherServlet'
2026-04-16T14:27:03.194+02:00  INFO 23404 --- [PGDBFFDemo] [http-nio-9071-exec-1] o.s.web.servlet.DispatcherServlet        : Initializing Servlet 'dispatcherServlet'
2026-04-16T14:27:03.197+02:00  INFO 23404 --- [PGDBFFDemo] [http-nio-9071-exec-1] o.s.web.servlet.DispatcherServlet        : Completed initialization in 2 ms
2026-04-16T14:27:03.203+02:00 DEBUG 23404 --- [PGDBFFDemo] [http-nio-9071-exec-1] c.f.p.c.DelegationDataController         : getDelegationData userIdPNR= abezze
2026-04-16T14:27:13.178+02:00 DEBUG 23404 --- [PGDBFFDemo] [http-nio-9071-exec-1] c.f.p.c.DelegationDataController         : getDelegationData exc Type definition error: [simple type, class com.fincons.pgd.dto.outputs.UtenteDTO]
2026-04-16T14:27:18.116+02:00 DEBUG 23404 --- [PGDBFFDemo] [http-nio-9071-exec-1] c.f.p.c.DelegationDataController         : getDelegationData Ended  Type definition error: [simple type, class com.fincons.pgd.dto.outputs.UtenteDTO]
2026-04-16T14:34:22.170+02:00 DEBUG 23404 --- [PGDBFFDemo] [http-nio-9071-exec-5] c.f.p.c.DelegationDataController         : getDelegationData userIdPNR= abezze
2026-04-16T14:34:45.898+02:00 DEBUG 23404 --- [PGDBFFDemo] [http-nio-9071-exec-5] c.f.p.c.DelegationDataController         : getDelegationData exc Type definition error: [simple type, class com.fincons.pgd.dto.outputs.UtenteDTO]
2026-04-16T14:36:35.508+02:00 DEBUG 23404 --- [PGDBFFDemo] [http-nio-9071-exec-5] c.f.p.c.DelegationDataController         : getDelegationData Ended  Type definition error: [simple type, class com.fincons.pgd.dto.outputs.UtenteDTO]
2026-04-16T14:36:40.148+02:00 DEBUG 23404 --- [PGDBFFDemo] [http-nio-9071-exec-6] c.f.p.c.DelegationDataController         : getDelegationData userIdPNR= abezze
2026-04-16T14:41:10.331+02:00 DEBUG 23404 --- [PGDBFFDemo] [http-nio-9071-exec-6] c.f.p.c.DelegationDataController         : getDelegationData exc Type definition error: [simple type, class com.fincons.pgd.dto.outputs.UtenteDTO]
2026-04-16T14:41:25.513+02:00 DEBUG 23404 --- [PGDBFFDemo] [http-nio-9071-exec-6] c.f.p.c.DelegationDataController         : getDelegationData Ended  Type definition error: [simple type, class com.fincons.pgd.dto.outputs.UtenteDTO]
2026-04-16T14:44:46.425+02:00  INFO 23404 --- [PGDBFFDemo] [File Watcher] rtingClassPathChangeChangedEventListener : Restarting due to 2 class path changes (0 additions, 0 deletions, 2 modifications)
2026-04-16T14:44:46.428+02:00  INFO 23404 --- [PGDBFFDemo] [Thread-7] o.s.boot.tomcat.GracefulShutdown         : Commencing graceful shutdown. Waiting for active requests to complete
2026-04-16T14:44:46.438+02:00  INFO 23404 --- [PGDBFFDemo] [tomcat-shutdown] o.s.boot.tomcat.GracefulShutdown         : Graceful shutdown complete
2026-04-16T14:44:46.527+02:00  INFO 23404 --- [PGDBFFDemo] [restartedMain] com.fincons.pgd.PgdbffDemoApplication    : Starting PgdbffDemoApplication using Java 25.0.2 with PID 23404 (C:\Software\Fincons\PGDBFFDemo\PGDBFFDemo\target\classes started by Betacom in C:\Software\Fincons\PGDBFFDemo\PGDBFFDemo)
2026-04-16T14:44:46.527+02:00 DEBUG 23404 --- [PGDBFFDemo] [restartedMain] com.fincons.pgd.PgdbffDemoApplication    : Running with Spring Boot v4.0.5, Spring v7.0.6
2026-04-16T14:44:46.527+02:00  INFO 23404 --- [PGDBFFDemo] [restartedMain] com.fincons.pgd.PgdbffDemoApplication    : No active profile set, falling back to 1 default profile: "default"
2026-04-16T14:44:46.741+02:00  INFO 23404 --- [PGDBFFDemo] [restartedMain] o.s.cloud.context.scope.GenericScope     : BeanFactory id=c8397baf-25a1-3a5d-b7b4-039aa3d3bbe2
2026-04-16T14:44:46.780+02:00  INFO 23404 --- [PGDBFFDemo] [restartedMain] o.s.boot.tomcat.TomcatWebServer          : Tomcat initialized with port 9071 (http)
2026-04-16T14:44:46.782+02:00  INFO 23404 --- [PGDBFFDemo] [restartedMain] o.apache.catalina.core.StandardService   : Starting service [Tomcat]
2026-04-16T14:44:46.782+02:00  INFO 23404 --- [PGDBFFDemo] [restartedMain] o.apache.catalina.core.StandardEngine    : Starting Servlet engine: [Apache Tomcat/11.0.20]
2026-04-16T14:44:46.803+02:00  INFO 23404 --- [PGDBFFDemo] [restartedMain] b.w.c.s.WebApplicationContextInitializer : Root WebApplicationContext: initialization completed in 274 ms
2026-04-16T14:44:47.171+02:00  INFO 23404 --- [PGDBFFDemo] [restartedMain] r$InitializeUserDetailsManagerConfigurer : Global AuthenticationManager configured with UserDetailsService bean with name inMemoryUserDetailsManager
2026-04-16T14:44:47.228+02:00  INFO 23404 --- [PGDBFFDemo] [restartedMain] o.s.boot.tomcat.TomcatWebServer          : Tomcat started on port 9071 (http) with context path '/'
2026-04-16T14:44:47.243+02:00  INFO 23404 --- [PGDBFFDemo] [restartedMain] com.fincons.pgd.PgdbffDemoApplication    : Started PgdbffDemoApplication in 0.757 seconds (process running for 1461.506)
2026-04-16T14:44:47.245+02:00  INFO 23404 --- [PGDBFFDemo] [restartedMain] .ConditionEvaluationDeltaLoggingListener : Condition evaluation unchanged
2026-04-16T14:44:50.720+02:00  INFO 28648 --- [PGDBFFDemo] [restartedMain] com.fincons.pgd.PgdbffDemoApplication    : Starting PgdbffDemoApplication using Java 25.0.2 with PID 28648 (C:\Software\Fincons\PGDBFFDemo\PGDBFFDemo\target\classes started by Betacom in C:\Software\Fincons\PGDBFFDemo\PGDBFFDemo)
2026-04-16T14:44:50.723+02:00 DEBUG 28648 --- [PGDBFFDemo] [restartedMain] com.fincons.pgd.PgdbffDemoApplication    : Running with Spring Boot v4.0.5, Spring v7.0.6
2026-04-16T14:44:50.723+02:00  INFO 28648 --- [PGDBFFDemo] [restartedMain] com.fincons.pgd.PgdbffDemoApplication    : No active profile set, falling back to 1 default profile: "default"
2026-04-16T14:44:50.761+02:00  INFO 28648 --- [PGDBFFDemo] [restartedMain] .e.DevToolsPropertyDefaultsPostProcessor : Devtools property defaults active! Set 'spring.devtools.add-properties' to 'false' to disable
2026-04-16T14:44:50.761+02:00  INFO 28648 --- [PGDBFFDemo] [restartedMain] .e.DevToolsPropertyDefaultsPostProcessor : For additional web related logging consider setting the 'logging.level.web' property to 'DEBUG'
2026-04-16T14:44:51.490+02:00  INFO 28648 --- [PGDBFFDemo] [restartedMain] o.s.cloud.context.scope.GenericScope     : BeanFactory id=c8397baf-25a1-3a5d-b7b4-039aa3d3bbe2
2026-04-16T14:44:51.777+02:00  INFO 28648 --- [PGDBFFDemo] [restartedMain] o.s.boot.tomcat.TomcatWebServer          : Tomcat initialized with port 9071 (http)
2026-04-16T14:44:51.788+02:00  INFO 28648 --- [PGDBFFDemo] [restartedMain] o.apache.catalina.core.StandardService   : Starting service [Tomcat]
2026-04-16T14:44:51.788+02:00  INFO 28648 --- [PGDBFFDemo] [restartedMain] o.apache.catalina.core.StandardEngine    : Starting Servlet engine: [Apache Tomcat/11.0.20]
2026-04-16T14:44:51.825+02:00  INFO 28648 --- [PGDBFFDemo] [restartedMain] b.w.c.s.WebApplicationContextInitializer : Root WebApplicationContext: initialization completed in 1063 ms
2026-04-16T14:44:52.317+02:00  INFO 28648 --- [PGDBFFDemo] [restartedMain] r$InitializeUserDetailsManagerConfigurer : Global AuthenticationManager configured with UserDetailsService bean with name inMemoryUserDetailsManager
2026-04-16T14:44:52.497+02:00  INFO 28648 --- [PGDBFFDemo] [restartedMain] o.s.boot.tomcat.TomcatWebServer          : Tomcat started on port 9071 (http) with context path '/'
2026-04-16T14:44:52.508+02:00  INFO 28648 --- [PGDBFFDemo] [restartedMain] com.fincons.pgd.PgdbffDemoApplication    : Started PgdbffDemoApplication in 2.15 seconds (process running for 3.005)
2026-04-16T14:45:06.447+02:00  INFO 28648 --- [PGDBFFDemo] [http-nio-9071-exec-1] o.a.c.c.C.[Tomcat].[localhost].[/]       : Initializing Spring DispatcherServlet 'dispatcherServlet'
2026-04-16T14:45:06.448+02:00  INFO 28648 --- [PGDBFFDemo] [http-nio-9071-exec-1] o.s.web.servlet.DispatcherServlet        : Initializing Servlet 'dispatcherServlet'
2026-04-16T14:45:06.450+02:00  INFO 28648 --- [PGDBFFDemo] [http-nio-9071-exec-1] o.s.web.servlet.DispatcherServlet        : Completed initialization in 2 ms
2026-04-16T14:45:15.578+02:00 DEBUG 28648 --- [PGDBFFDemo] [http-nio-9071-exec-3] c.f.p.c.DelegationDataController         : getDelegationData userIdPNR= abezze
2026-04-16T14:45:43.017+02:00 DEBUG 28648 --- [PGDBFFDemo] [http-nio-9071-exec-3] c.f.p.c.DelegationDataController         : getDelegationData exc [500] during [GET] to [http://localhost:9070/pgd/delega/get-delegation-data] [DelegaClient#getDeleghe()]: [{"timestamp":"2026-04-16T12:45:36.503Z","status":500,"error":"Internal Server Error","trace":"java.lang.NullPointerException: value\r\n\tat java.base/java.util.Objects.requireNonNull(Objects.java:246)... (4675 bytes)]
2026-04-16T14:46:09.288+02:00 DEBUG 28648 --- [PGDBFFDemo] [http-nio-9071-exec-3] c.f.p.c.DelegationDataController         : getDelegationData Ended  [500] during [GET] to [http://localhost:9070/pgd/delega/get-delegation-data] [DelegaClient#getDeleghe()]: [{"timestamp":"2026-04-16T12:45:36.503Z","status":500,"error":"Internal Server Error","trace":"java.lang.NullPointerException: value\r\n\tat java.base/java.util.Objects.requireNonNull(Objects.java:246)... (4675 bytes)]
2026-04-16T14:57:00.189+02:00 DEBUG 28648 --- [PGDBFFDemo] [http-nio-9071-exec-7] c.f.p.c.DelegationDataController         : getDelegationData userIdPNR= abezze
2026-04-16T14:57:10.750+02:00 DEBUG 28648 --- [PGDBFFDemo] [http-nio-9071-exec-7] c.f.p.c.DelegationDataController         : getDelegationData exc Type definition error: [simple type, class com.fincons.pgd.dto.outputs.DelegaDTO]
2026-04-16T14:57:11.633+02:00 DEBUG 28648 --- [PGDBFFDemo] [http-nio-9071-exec-7] c.f.p.c.DelegationDataController         : getDelegationData Ended  Type definition error: [simple type, class com.fincons.pgd.dto.outputs.DelegaDTO]
2026-04-16T14:58:18.057+02:00  INFO 28648 --- [PGDBFFDemo] [File Watcher] rtingClassPathChangeChangedEventListener : Restarting due to 2 class path changes (0 additions, 0 deletions, 2 modifications)
2026-04-16T14:58:18.062+02:00  INFO 28648 --- [PGDBFFDemo] [Thread-1] o.s.boot.tomcat.GracefulShutdown         : Commencing graceful shutdown. Waiting for active requests to complete
2026-04-16T14:58:18.071+02:00  INFO 28648 --- [PGDBFFDemo] [tomcat-shutdown] o.s.boot.tomcat.GracefulShutdown         : Graceful shutdown complete
2026-04-16T14:58:18.169+02:00  INFO 28648 --- [PGDBFFDemo] [restartedMain] com.fincons.pgd.PgdbffDemoApplication    : Starting PgdbffDemoApplication using Java 25.0.2 with PID 28648 (C:\Software\Fincons\PGDBFFDemo\PGDBFFDemo\target\classes started by Betacom in C:\Software\Fincons\PGDBFFDemo\PGDBFFDemo)
2026-04-16T14:58:18.170+02:00 DEBUG 28648 --- [PGDBFFDemo] [restartedMain] com.fincons.pgd.PgdbffDemoApplication    : Running with Spring Boot v4.0.5, Spring v7.0.6
2026-04-16T14:58:18.170+02:00  INFO 28648 --- [PGDBFFDemo] [restartedMain] com.fincons.pgd.PgdbffDemoApplication    : No active profile set, falling back to 1 default profile: "default"
2026-04-16T14:58:18.390+02:00  INFO 28648 --- [PGDBFFDemo] [restartedMain] o.s.cloud.context.scope.GenericScope     : BeanFactory id=c8397baf-25a1-3a5d-b7b4-039aa3d3bbe2
2026-04-16T14:58:18.438+02:00  INFO 28648 --- [PGDBFFDemo] [restartedMain] o.s.boot.tomcat.TomcatWebServer          : Tomcat initialized with port 9071 (http)
2026-04-16T14:58:18.440+02:00  INFO 28648 --- [PGDBFFDemo] [restartedMain] o.apache.catalina.core.StandardService   : Starting service [Tomcat]
2026-04-16T14:58:18.441+02:00  INFO 28648 --- [PGDBFFDemo] [restartedMain] o.apache.catalina.core.StandardEngine    : Starting Servlet engine: [Apache Tomcat/11.0.20]
2026-04-16T14:58:18.464+02:00  INFO 28648 --- [PGDBFFDemo] [restartedMain] b.w.c.s.WebApplicationContextInitializer : Root WebApplicationContext: initialization completed in 292 ms
2026-04-16T14:58:18.739+02:00  INFO 28648 --- [PGDBFFDemo] [restartedMain] r$InitializeUserDetailsManagerConfigurer : Global AuthenticationManager configured with UserDetailsService bean with name inMemoryUserDetailsManager
2026-04-16T14:58:18.805+02:00  INFO 28648 --- [PGDBFFDemo] [restartedMain] o.s.boot.tomcat.TomcatWebServer          : Tomcat started on port 9071 (http) with context path '/'
2026-04-16T14:58:18.816+02:00  INFO 28648 --- [PGDBFFDemo] [restartedMain] com.fincons.pgd.PgdbffDemoApplication    : Started PgdbffDemoApplication in 0.689 seconds (process running for 809.313)
2026-04-16T14:58:18.819+02:00  INFO 28648 --- [PGDBFFDemo] [restartedMain] .ConditionEvaluationDeltaLoggingListener : Condition evaluation unchanged
2026-04-16T14:58:30.262+02:00  INFO 31212 --- [PGDBFFDemo] [restartedMain] com.fincons.pgd.PgdbffDemoApplication    : Starting PgdbffDemoApplication using Java 25.0.2 with PID 31212 (C:\Software\Fincons\PGDBFFDemo\PGDBFFDemo\target\classes started by Betacom in C:\Software\Fincons\PGDBFFDemo\PGDBFFDemo)
2026-04-16T14:58:30.264+02:00 DEBUG 31212 --- [PGDBFFDemo] [restartedMain] com.fincons.pgd.PgdbffDemoApplication    : Running with Spring Boot v4.0.5, Spring v7.0.6
2026-04-16T14:58:30.264+02:00  INFO 31212 --- [PGDBFFDemo] [restartedMain] com.fincons.pgd.PgdbffDemoApplication    : No active profile set, falling back to 1 default profile: "default"
2026-04-16T14:58:30.298+02:00  INFO 31212 --- [PGDBFFDemo] [restartedMain] .e.DevToolsPropertyDefaultsPostProcessor : Devtools property defaults active! Set 'spring.devtools.add-properties' to 'false' to disable
2026-04-16T14:58:30.299+02:00  INFO 31212 --- [PGDBFFDemo] [restartedMain] .e.DevToolsPropertyDefaultsPostProcessor : For additional web related logging consider setting the 'logging.level.web' property to 'DEBUG'
2026-04-16T14:58:30.932+02:00  INFO 31212 --- [PGDBFFDemo] [restartedMain] o.s.cloud.context.scope.GenericScope     : BeanFactory id=c8397baf-25a1-3a5d-b7b4-039aa3d3bbe2
2026-04-16T14:58:31.165+02:00  INFO 31212 --- [PGDBFFDemo] [restartedMain] o.s.boot.tomcat.TomcatWebServer          : Tomcat initialized with port 9071 (http)
2026-04-16T14:58:31.176+02:00  INFO 31212 --- [PGDBFFDemo] [restartedMain] o.apache.catalina.core.StandardService   : Starting service [Tomcat]
2026-04-16T14:58:31.176+02:00  INFO 31212 --- [PGDBFFDemo] [restartedMain] o.apache.catalina.core.StandardEngine    : Starting Servlet engine: [Apache Tomcat/11.0.20]
2026-04-16T14:58:31.206+02:00  INFO 31212 --- [PGDBFFDemo] [restartedMain] b.w.c.s.WebApplicationContextInitializer : Root WebApplicationContext: initialization completed in 907 ms
2026-04-16T14:58:31.600+02:00  INFO 31212 --- [PGDBFFDemo] [restartedMain] r$InitializeUserDetailsManagerConfigurer : Global AuthenticationManager configured with UserDetailsService bean with name inMemoryUserDetailsManager
2026-04-16T14:58:31.763+02:00  INFO 31212 --- [PGDBFFDemo] [restartedMain] o.s.boot.tomcat.TomcatWebServer          : Tomcat started on port 9071 (http) with context path '/'
2026-04-16T14:58:31.772+02:00  INFO 31212 --- [PGDBFFDemo] [restartedMain] com.fincons.pgd.PgdbffDemoApplication    : Started PgdbffDemoApplication in 1.78 seconds (process running for 2.774)
2026-04-16T14:58:39.574+02:00  INFO 31212 --- [PGDBFFDemo] [http-nio-9071-exec-1] o.a.c.c.C.[Tomcat].[localhost].[/]       : Initializing Spring DispatcherServlet 'dispatcherServlet'
2026-04-16T14:58:39.575+02:00  INFO 31212 --- [PGDBFFDemo] [http-nio-9071-exec-1] o.s.web.servlet.DispatcherServlet        : Initializing Servlet 'dispatcherServlet'
2026-04-16T14:58:39.577+02:00  INFO 31212 --- [PGDBFFDemo] [http-nio-9071-exec-1] o.s.web.servlet.DispatcherServlet        : Completed initialization in 2 ms
2026-04-16T14:58:46.906+02:00 DEBUG 31212 --- [PGDBFFDemo] [http-nio-9071-exec-6] c.f.p.c.DelegationDataController         : getDelegationData userIdPNR= abezze
2026-04-16T14:58:47.054+02:00 DEBUG 31212 --- [PGDBFFDemo] [http-nio-9071-exec-6] c.f.p.c.DelegationDataController         : getDelegationData Ended  DelegationDataDTO(utente=UtenteDTO(id=1, idPNR=null, nome=Alessio, cognome=Bezze, dataNascita=null, residenza=null, luogoDiNascita=null, codiceFiscale=BZZLSS75L18F133U, indirizzoEmail=abezze@yahoo.it, flagEmailCertificata=null, flagAccettazionePolicy=null, delegheConcesse=null), deleghe=[DelegaDTO(id=1, codiceUnivocoDelega=null, utenteDelegato=null, utenteDelegante=null, dataInizioValidita=null, dataFineValidita=null, dataCreazione=null, dataUltimoAggiornamento=null, dicEsercenteRespGenitorialeDelegato=null, dicEsercenteRespGenitorialeApprovatore=null, flagResponsabilitaGenitoriale=null, esitoVerificaResponsabilitaGenitoriale=null, dataVideoRegistrazione=null, idVideoChiamata=null, documenti=null)])
